running egg_info
creating build/cmd_text/cmd_text.egg-info
writing build/cmd_text/cmd_text.egg-info/PKG-INFO
writing dependency_links to build/cmd_text/cmd_text.egg-info/dependency_links.txt
writing entry points to build/cmd_text/cmd_text.egg-info/entry_points.txt
writing requirements to build/cmd_text/cmd_text.egg-info/requires.txt
writing top-level names to build/cmd_text/cmd_text.egg-info/top_level.txt
writing manifest file 'build/cmd_text/cmd_text.egg-info/SOURCES.txt'
reading manifest file 'build/cmd_text/cmd_text.egg-info/SOURCES.txt'
adding license file 'LICENSE'
writing manifest file 'build/cmd_text/cmd_text.egg-info/SOURCES.txt'
running build
running build_py
creating /home/roman/ros2_ws/src/cmd_text/build/cmd_text/build/lib/cmd_text
copying cmd_text/text_to_cmd_vel.py -> /home/roman/ros2_ws/src/cmd_text/build/cmd_text/build/lib/cmd_text
copying cmd_text/__init__.py -> /home/roman/ros2_ws/src/cmd_text/build/cmd_text/build/lib/cmd_text
running install
running install_lib
creating /home/roman/ros2_ws/src/cmd_text/install/cmd_text/lib/python3.12/site-packages/cmd_text
copying /home/roman/ros2_ws/src/cmd_text/build/cmd_text/build/lib/cmd_text/text_to_cmd_vel.py -> /home/roman/ros2_ws/src/cmd_text/install/cmd_text/lib/python3.12/site-packages/cmd_text
copying /home/roman/ros2_ws/src/cmd_text/build/cmd_text/build/lib/cmd_text/__init__.py -> /home/roman/ros2_ws/src/cmd_text/install/cmd_text/lib/python3.12/site-packages/cmd_text
byte-compiling /home/roman/ros2_ws/src/cmd_text/install/cmd_text/lib/python3.12/site-packages/cmd_text/text_to_cmd_vel.py to text_to_cmd_vel.cpython-312.pyc
byte-compiling /home/roman/ros2_ws/src/cmd_text/install/cmd_text/lib/python3.12/site-packages/cmd_text/__init__.py to __init__.cpython-312.pyc
running install_data
creating /home/roman/ros2_ws/src/cmd_text/install/cmd_text/share/ament_index/resource_index/packages
copying resource/cmd_text -> /home/roman/ros2_ws/src/cmd_text/install/cmd_text/share/ament_index/resource_index/packages
copying package.xml -> /home/roman/ros2_ws/src/cmd_text/install/cmd_text/share/cmd_text
running install_egg_info
Copying build/cmd_text/cmd_text.egg-info to /home/roman/ros2_ws/src/cmd_text/install/cmd_text/lib/python3.12/site-packages/cmd_text-0.0.0-py3.12.egg-info
running install_scripts
Installing listener script to /home/roman/ros2_ws/src/cmd_text/install/cmd_text/lib/cmd_text
writing list of installed files to '/home/roman/ros2_ws/src/cmd_text/build/cmd_text/install.log'
