running egg_info
creating build/robot/robot.egg-info
writing build/robot/robot.egg-info/PKG-INFO
writing dependency_links to build/robot/robot.egg-info/dependency_links.txt
writing entry points to build/robot/robot.egg-info/entry_points.txt
writing requirements to build/robot/robot.egg-info/requires.txt
writing top-level names to build/robot/robot.egg-info/top_level.txt
writing manifest file 'build/robot/robot.egg-info/SOURCES.txt'
reading manifest file 'build/robot/robot.egg-info/SOURCES.txt'
writing manifest file 'build/robot/robot.egg-info/SOURCES.txt'
running build
running build_py
creating /home/roman/ros2_ws/src/robot/build/robot/build/lib/robot
copying robot/circle_movement.py -> /home/roman/ros2_ws/src/robot/build/robot/build/lib/robot
copying robot/__init__.py -> /home/roman/ros2_ws/src/robot/build/robot/build/lib/robot
running install
running install_lib
creating /home/roman/ros2_ws/src/robot/install/robot/lib/python3.12/site-packages/robot
copying /home/roman/ros2_ws/src/robot/build/robot/build/lib/robot/circle_movement.py -> /home/roman/ros2_ws/src/robot/install/robot/lib/python3.12/site-packages/robot
copying /home/roman/ros2_ws/src/robot/build/robot/build/lib/robot/__init__.py -> /home/roman/ros2_ws/src/robot/install/robot/lib/python3.12/site-packages/robot
byte-compiling /home/roman/ros2_ws/src/robot/install/robot/lib/python3.12/site-packages/robot/circle_movement.py to circle_movement.cpython-312.pyc
byte-compiling /home/roman/ros2_ws/src/robot/install/robot/lib/python3.12/site-packages/robot/__init__.py to __init__.cpython-312.pyc
running install_data
creating /home/roman/ros2_ws/src/robot/install/robot/share/ament_index/resource_index/packages
copying resource/robot -> /home/roman/ros2_ws/src/robot/install/robot/share/ament_index/resource_index/packages
copying package.xml -> /home/roman/ros2_ws/src/robot/install/robot/share/robot
copying circle_movement.launch.py -> /home/roman/ros2_ws/src/robot/install/robot/share/robot
copying zhiguli_gazebo.urdf -> /home/roman/ros2_ws/src/robot/install/robot/share/robot
copying urdf.rviz -> /home/roman/ros2_ws/src/robot/install/robot/share/robot
running install_egg_info
Copying build/robot/robot.egg-info to /home/roman/ros2_ws/src/robot/install/robot/lib/python3.12/site-packages/robot-0.0.0-py3.12.egg-info
running install_scripts
Installing circle_movement script to /home/roman/ros2_ws/src/robot/install/robot/lib/robot
writing list of installed files to '/home/roman/ros2_ws/src/robot/build/robot/install.log'
