[0.642s] Invoking command in '/home/roman/ros2_ws/src/robot': DEBUGINFOD_URLS=https://debuginfod.ubuntu.com PYTHONPATH=/home/roman/ros2_ws/src/robot/build/robot/prefix_override:/usr/lib/python3/dist-packages/colcon_core/task/python/colcon_distutils_commands:/home/roman/ros2_ws/src/robot/install/robot/lib/python3.12/site-packages:${PYTHONPATH} /usr/bin/python3 -W ignore:setup.py install is deprecated -W ignore:easy_install command is deprecated setup.py egg_info --egg-base build/robot build --build-base /home/roman/ros2_ws/src/robot/build/robot/build install --record /home/roman/ros2_ws/src/robot/build/robot/install.log --single-version-externally-managed install_data
[0.903s] running egg_info
[0.923s] writing build/robot/robot.egg-info/PKG-INFO
[0.923s] writing dependency_links to build/robot/robot.egg-info/dependency_links.txt
[0.924s] writing entry points to build/robot/robot.egg-info/entry_points.txt
[0.924s] writing requirements to build/robot/robot.egg-info/requires.txt
[0.924s] writing top-level names to build/robot/robot.egg-info/top_level.txt
[0.966s] reading manifest file 'build/robot/robot.egg-info/SOURCES.txt'
[0.966s] writing manifest file 'build/robot/robot.egg-info/SOURCES.txt'
[0.966s] running build
[0.966s] running build_py
[0.967s] copying robot/circle_movement.py -> /home/roman/ros2_ws/src/robot/build/robot/build/lib/robot
[0.967s] copying robot/__init__.py -> /home/roman/ros2_ws/src/robot/build/robot/build/lib/robot
[0.967s] running install
[0.970s] running install_lib
[0.992s] running install_data
[0.992s] copying resource/robot -> /home/roman/ros2_ws/src/robot/install/robot/share/ament_index/resource_index/packages
[0.992s] copying package.xml -> /home/roman/ros2_ws/src/robot/install/robot/share/robot
[0.992s] copying circle_movement.launch.py -> /home/roman/ros2_ws/src/robot/install/robot/share/robot
[0.992s] copying zhiguli_gazebo.urdf -> /home/roman/ros2_ws/src/robot/install/robot/share/robot
[0.992s] copying urdf.rviz -> /home/roman/ros2_ws/src/robot/install/robot/share/robot
[0.992s] running install_egg_info
[1.013s] removing '/home/roman/ros2_ws/src/robot/install/robot/lib/python3.12/site-packages/robot-0.0.0-py3.12.egg-info' (and everything under it)
[1.013s] Copying build/robot/robot.egg-info to /home/roman/ros2_ws/src/robot/install/robot/lib/python3.12/site-packages/robot-0.0.0-py3.12.egg-info
[1.013s] running install_scripts
[1.116s] Installing circle_movement script to /home/roman/ros2_ws/src/robot/install/robot/lib/robot
[1.116s] writing list of installed files to '/home/roman/ros2_ws/src/robot/build/robot/install.log'
[1.136s] Invoked command in '/home/roman/ros2_ws/src/robot' returned '0': DEBUGINFOD_URLS=https://debuginfod.ubuntu.com PYTHONPATH=/home/roman/ros2_ws/src/robot/build/robot/prefix_override:/usr/lib/python3/dist-packages/colcon_core/task/python/colcon_distutils_commands:/home/roman/ros2_ws/src/robot/install/robot/lib/python3.12/site-packages:${PYTHONPATH} /usr/bin/python3 -W ignore:setup.py install is deprecated -W ignore:easy_install command is deprecated setup.py egg_info --egg-base build/robot build --build-base /home/roman/ros2_ws/src/robot/build/robot/build install --record /home/roman/ros2_ws/src/robot/build/robot/install.log --single-version-externally-managed install_data
