running egg_info
creating build/service_full_name/service_full_name.egg-info
writing build/service_full_name/service_full_name.egg-info/PKG-INFO
writing dependency_links to build/service_full_name/service_full_name.egg-info/dependency_links.txt
writing entry points to build/service_full_name/service_full_name.egg-info/entry_points.txt
writing requirements to build/service_full_name/service_full_name.egg-info/requires.txt
writing top-level names to build/service_full_name/service_full_name.egg-info/top_level.txt
writing manifest file 'build/service_full_name/service_full_name.egg-info/SOURCES.txt'
reading manifest file 'build/service_full_name/service_full_name.egg-info/SOURCES.txt'
adding license file 'LICENSE'
writing manifest file 'build/service_full_name/service_full_name.egg-info/SOURCES.txt'
running build
running build_py
creating /home/roman/ros2_ws/src/service_full_name/build/service_full_name/build/lib/service_full_name
copying service_full_name/client_name.py -> /home/roman/ros2_ws/src/service_full_name/build/service_full_name/build/lib/service_full_name
copying service_full_name/__init__.py -> /home/roman/ros2_ws/src/service_full_name/build/service_full_name/build/lib/service_full_name
copying service_full_name/service_name.py -> /home/roman/ros2_ws/src/service_full_name/build/service_full_name/build/lib/service_full_name
running install
running install_lib
creating /home/roman/ros2_ws/src/service_full_name/install/service_full_name/lib/python3.12/site-packages/service_full_name
copying /home/roman/ros2_ws/src/service_full_name/build/service_full_name/build/lib/service_full_name/client_name.py -> /home/roman/ros2_ws/src/service_full_name/install/service_full_name/lib/python3.12/site-packages/service_full_name
copying /home/roman/ros2_ws/src/service_full_name/build/service_full_name/build/lib/service_full_name/__init__.py -> /home/roman/ros2_ws/src/service_full_name/install/service_full_name/lib/python3.12/site-packages/service_full_name
copying /home/roman/ros2_ws/src/service_full_name/build/service_full_name/build/lib/service_full_name/service_name.py -> /home/roman/ros2_ws/src/service_full_name/install/service_full_name/lib/python3.12/site-packages/service_full_name
byte-compiling /home/roman/ros2_ws/src/service_full_name/install/service_full_name/lib/python3.12/site-packages/service_full_name/client_name.py to client_name.cpython-312.pyc
byte-compiling /home/roman/ros2_ws/src/service_full_name/install/service_full_name/lib/python3.12/site-packages/service_full_name/__init__.py to __init__.cpython-312.pyc
byte-compiling /home/roman/ros2_ws/src/service_full_name/install/service_full_name/lib/python3.12/site-packages/service_full_name/service_name.py to service_name.cpython-312.pyc
running install_data
creating /home/roman/ros2_ws/src/service_full_name/install/service_full_name/share/ament_index/resource_index/packages
copying resource/service_full_name -> /home/roman/ros2_ws/src/service_full_name/install/service_full_name/share/ament_index/resource_index/packages
copying package.xml -> /home/roman/ros2_ws/src/service_full_name/install/service_full_name/share/service_full_name
running install_egg_info
Copying build/service_full_name/service_full_name.egg-info to /home/roman/ros2_ws/src/service_full_name/install/service_full_name/lib/python3.12/site-packages/service_full_name-0.0.0-py3.12.egg-info
running install_scripts
Installing client_name script to /home/roman/ros2_ws/src/service_full_name/install/service_full_name/lib/service_full_name
Installing service_name script to /home/roman/ros2_ws/src/service_full_name/install/service_full_name/lib/service_full_name
writing list of installed files to '/home/roman/ros2_ws/src/service_full_name/build/service_full_name/install.log'
