[0.077s] [34mcolcon[0m [1;30mDEBUG[0m [32mCommand line arguments: ['/usr/bin/colcon', 'build', '--packages-select', 'service_full_name'][0m
[0.077s] [34mcolcon[0m [1;30mDEBUG[0m [32mParsed command line arguments: Namespace(log_base=None, log_level=None, verb_name='build', build_base='build', install_base='install', merge_install=False, symlink_install=False, test_result_base=None, continue_on_error=False, executor='parallel', parallel_workers=16, event_handlers=None, ignore_user_meta=False, metas=['./colcon.meta'], base_paths=['.'], packages_ignore=None, packages_ignore_regex=None, paths=None, packages_up_to=None, packages_up_to_regex=None, packages_above=None, packages_above_and_dependencies=None, packages_above_depth=None, packages_select_by_dep=None, packages_skip_by_dep=None, packages_skip_up_to=None, packages_select_build_failed=False, packages_skip_build_finished=False, packages_select_test_failures=False, packages_skip_test_passed=False, packages_select=['service_full_name'], packages_skip=None, packages_select_regex=None, packages_skip_regex=None, packages_start=None, packages_end=None, allow_overriding=[], cmake_args=None, cmake_target=None, cmake_target_skip_unavailable=False, cmake_clean_cache=False, cmake_clean_first=False, cmake_force_configure=False, ament_cmake_args=None, catkin_cmake_args=None, catkin_skip_building_tests=False, mixin_files=None, mixin=None, verb_parser=<colcon_mixin.mixin.mixin_argument.MixinArgumentDecorator object at 0x7947aff7bbf0>, verb_extension=<colcon_core.verb.build.BuildVerb object at 0x7947aff7b800>, main=<bound method BuildVerb.main of <colcon_core.verb.build.BuildVerb object at 0x7947aff7b800>>, mixin_verb=('build',))[0m
[0.123s] [34mcolcon.colcon_core.package_discovery[0m [1;30mLevel 1[0m discover_packages(colcon_meta) check parameters
[0.123s] [34mcolcon.colcon_core.package_discovery[0m [1;30mLevel 1[0m discover_packages(recursive) check parameters
[0.123s] [34mcolcon.colcon_core.package_discovery[0m [1;30mLevel 1[0m discover_packages(ignore) check parameters
[0.123s] [34mcolcon.colcon_core.package_discovery[0m [1;30mLevel 1[0m discover_packages(path) check parameters
[0.123s] [34mcolcon.colcon_core.package_discovery[0m [1;30mLevel 1[0m discover_packages(colcon_meta) discover
[0.123s] [34mcolcon.colcon_core.package_discovery[0m [1;30mLevel 1[0m discover_packages(recursive) discover
[0.123s] [34mcolcon.colcon_core.package_discovery[0m [1;30mINFO[0m Crawling recursively for packages in '/home/roman/ros2_ws/src/service_full_name'
[0.123s] [34mcolcon.colcon_core.package_identification[0m [1;30mLevel 1[0m _identify(.) by extensions ['ignore', 'ignore_ament_install']
[0.123s] [34mcolcon.colcon_core.package_identification[0m [1;30mLevel 1[0m _identify(.) by extension 'ignore'
[0.123s] [34mcolcon.colcon_core.package_identification[0m [1;30mLevel 1[0m _identify(.) by extension 'ignore_ament_install'
[0.123s] [34mcolcon.colcon_core.package_identification[0m [1;30mLevel 1[0m _identify(.) by extensions ['colcon_pkg']
[0.123s] [34mcolcon.colcon_core.package_identification[0m [1;30mLevel 1[0m _identify(.) by extension 'colcon_pkg'
[0.123s] [34mcolcon.colcon_core.package_identification[0m [1;30mLevel 1[0m _identify(.) by extensions ['colcon_meta']
[0.123s] [34mcolcon.colcon_core.package_identification[0m [1;30mLevel 1[0m _identify(.) by extension 'colcon_meta'
[0.123s] [34mcolcon.colcon_core.package_identification[0m [1;30mLevel 1[0m _identify(.) by extensions ['ros']
[0.123s] [34mcolcon.colcon_core.package_identification[0m [1;30mLevel 1[0m _identify(.) by extension 'ros'
[0.140s] [34mcolcon.colcon_core.package_identification[0m [1;30mDEBUG[0m [32mPackage '.' with type 'ros.ament_python' and name 'service_full_name'[0m
[0.140s] [34mcolcon.colcon_core.package_discovery[0m [1;30mLevel 1[0m discover_packages(recursive) using defaults
[0.140s] [34mcolcon.colcon_core.package_discovery[0m [1;30mLevel 1[0m discover_packages(ignore) discover
[0.140s] [34mcolcon.colcon_core.package_discovery[0m [1;30mLevel 1[0m discover_packages(ignore) using defaults
[0.140s] [34mcolcon.colcon_core.package_discovery[0m [1;30mLevel 1[0m discover_packages(path) discover
[0.140s] [34mcolcon.colcon_core.package_discovery[0m [1;30mLevel 1[0m discover_packages(path) using defaults
[0.149s] [34mcolcon.colcon_core.package_discovery[0m [1;30mLevel 1[0m discover_packages(prefix_path) check parameters
[0.149s] [34mcolcon.colcon_core.package_discovery[0m [1;30mLevel 1[0m discover_packages(prefix_path) discover
[0.150s] [34mcolcon.colcon_installed_package_information.package_discovery[0m [1;30mDEBUG[0m [32mFound 26 installed packages in /home/roman/ros2_ws/install[0m
[0.151s] [34mcolcon.colcon_installed_package_information.package_discovery[0m [1;30mDEBUG[0m [32mFound 285 installed packages in /opt/ros/jazzy[0m
[0.152s] [34mcolcon.colcon_core.package_discovery[0m [1;30mLevel 1[0m discover_packages(prefix_path) using defaults
[0.174s] [34mcolcon.colcon_core.verb[0m [1;30mLevel 5[0m set package 'service_full_name' build argument 'cmake_args' from command line to 'None'
[0.174s] [34mcolcon.colcon_core.verb[0m [1;30mLevel 5[0m set package 'service_full_name' build argument 'cmake_target' from command line to 'None'
[0.174s] [34mcolcon.colcon_core.verb[0m [1;30mLevel 5[0m set package 'service_full_name' build argument 'cmake_target_skip_unavailable' from command line to 'False'
[0.174s] [34mcolcon.colcon_core.verb[0m [1;30mLevel 5[0m set package 'service_full_name' build argument 'cmake_clean_cache' from command line to 'False'
[0.174s] [34mcolcon.colcon_core.verb[0m [1;30mLevel 5[0m set package 'service_full_name' build argument 'cmake_clean_first' from command line to 'False'
[0.174s] [34mcolcon.colcon_core.verb[0m [1;30mLevel 5[0m set package 'service_full_name' build argument 'cmake_force_configure' from command line to 'False'
[0.174s] [34mcolcon.colcon_core.verb[0m [1;30mLevel 5[0m set package 'service_full_name' build argument 'ament_cmake_args' from command line to 'None'
[0.174s] [34mcolcon.colcon_core.verb[0m [1;30mLevel 5[0m set package 'service_full_name' build argument 'catkin_cmake_args' from command line to 'None'
[0.174s] [34mcolcon.colcon_core.verb[0m [1;30mLevel 5[0m set package 'service_full_name' build argument 'catkin_skip_building_tests' from command line to 'False'
[0.174s] [34mcolcon.colcon_core.verb[0m [1;30mDEBUG[0m [32mBuilding package 'service_full_name' with the following arguments: {'ament_cmake_args': None, 'build_base': '/home/roman/ros2_ws/src/service_full_name/build/service_full_name', 'catkin_cmake_args': None, 'catkin_skip_building_tests': False, 'cmake_args': None, 'cmake_clean_cache': False, 'cmake_clean_first': False, 'cmake_force_configure': False, 'cmake_target': None, 'cmake_target_skip_unavailable': False, 'install_base': '/home/roman/ros2_ws/src/service_full_name/install/service_full_name', 'merge_install': False, 'path': '/home/roman/ros2_ws/src/service_full_name', 'symlink_install': False, 'test_result_base': None}[0m
[0.174s] [34mcolcon.colcon_core.executor[0m [1;30mINFO[0m Executing jobs using 'parallel' executor
[0.175s] [34mcolcon.colcon_parallel_executor.executor.parallel[0m [1;30mDEBUG[0m [32mrun_until_complete[0m
[0.175s] [34mcolcon.colcon_ros.task.ament_python.build[0m [1;30mINFO[0m Building ROS package in '/home/roman/ros2_ws/src/service_full_name' with build type 'ament_python'
[0.175s] [34mcolcon.colcon_core.shell[0m [1;30mLevel 1[0m create_environment_hook('service_full_name', 'ament_prefix_path')
[0.176s] [34mcolcon.colcon_core.plugin_system[0m [1;30mINFO[0m Skipping extension 'colcon_core.shell.bat': Not used on non-Windows systems
[0.176s] [34mcolcon.colcon_core.shell[0m [1;30mINFO[0m Creating environment hook '/home/roman/ros2_ws/src/service_full_name/install/service_full_name/share/service_full_name/hook/ament_prefix_path.ps1'
[0.177s] [34mcolcon.colcon_core.shell[0m [1;30mINFO[0m Creating environment descriptor '/home/roman/ros2_ws/src/service_full_name/install/service_full_name/share/service_full_name/hook/ament_prefix_path.dsv'
[0.177s] [34mcolcon.colcon_core.shell[0m [1;30mINFO[0m Creating environment hook '/home/roman/ros2_ws/src/service_full_name/install/service_full_name/share/service_full_name/hook/ament_prefix_path.sh'
[0.177s] [34mcolcon.colcon_core.shell[0m [1;30mINFO[0m Skip shell extension 'powershell' for command environment: Not usable outside of PowerShell
[0.177s] [34mcolcon.colcon_core.shell[0m [1;30mDEBUG[0m [32mSkip shell extension 'dsv' for command environment[0m
[0.367s] [34mcolcon.colcon_core.task.python.build[0m [1;30mINFO[0m Building Python package in '/home/roman/ros2_ws/src/service_full_name'
[0.367s] [34mcolcon.colcon_core.shell[0m [1;30mINFO[0m Skip shell extension 'powershell' for command environment: Not usable outside of PowerShell
[0.367s] [34mcolcon.colcon_core.shell[0m [1;30mDEBUG[0m [32mSkip shell extension 'dsv' for command environment[0m
[0.744s] [34mcolcon.colcon_core.event_handler.log_command[0m [1;30mDEBUG[0m [32mInvoking command in '/home/roman/ros2_ws/src/service_full_name': DEBUGINFOD_URLS=https://debuginfod.ubuntu.com PYTHONPATH=/home/roman/ros2_ws/src/service_full_name/build/service_full_name/prefix_override:/usr/lib/python3/dist-packages/colcon_core/task/python/colcon_distutils_commands:/home/roman/ros2_ws/src/service_full_name/install/service_full_name/lib/python3.12/site-packages:${PYTHONPATH} /usr/bin/python3 -W ignore:setup.py install is deprecated -W ignore:easy_install command is deprecated setup.py egg_info --egg-base build/service_full_name build --build-base /home/roman/ros2_ws/src/service_full_name/build/service_full_name/build install --record /home/roman/ros2_ws/src/service_full_name/build/service_full_name/install.log --single-version-externally-managed install_data[0m
[1.157s] [34mcolcon.colcon_core.event_handler.log_command[0m [1;30mDEBUG[0m [32mInvoked command in '/home/roman/ros2_ws/src/service_full_name' returned '0': DEBUGINFOD_URLS=https://debuginfod.ubuntu.com PYTHONPATH=/home/roman/ros2_ws/src/service_full_name/build/service_full_name/prefix_override:/usr/lib/python3/dist-packages/colcon_core/task/python/colcon_distutils_commands:/home/roman/ros2_ws/src/service_full_name/install/service_full_name/lib/python3.12/site-packages:${PYTHONPATH} /usr/bin/python3 -W ignore:setup.py install is deprecated -W ignore:easy_install command is deprecated setup.py egg_info --egg-base build/service_full_name build --build-base /home/roman/ros2_ws/src/service_full_name/build/service_full_name/build install --record /home/roman/ros2_ws/src/service_full_name/build/service_full_name/install.log --single-version-externally-managed install_data[0m
[1.159s] [34mcolcon.colcon_core.environment[0m [1;30mLevel 1[0m checking '/home/roman/ros2_ws/src/service_full_name/install/service_full_name' for CMake module files
[1.159s] [34mcolcon.colcon_core.environment[0m [1;30mLevel 1[0m checking '/home/roman/ros2_ws/src/service_full_name/install/service_full_name' for CMake config files
[1.159s] [34mcolcon.colcon_core.environment[0m [1;30mLevel 1[0m checking '/home/roman/ros2_ws/src/service_full_name/install/service_full_name/lib'
[1.159s] [34mcolcon.colcon_core.environment[0m [1;30mLevel 1[0m checking '/home/roman/ros2_ws/src/service_full_name/install/service_full_name/bin'
[1.159s] [34mcolcon.colcon_core.environment[0m [1;30mLevel 1[0m checking '/home/roman/ros2_ws/src/service_full_name/install/service_full_name/lib/pkgconfig/service_full_name.pc'
[1.159s] [34mcolcon.colcon_core.environment[0m [1;30mLevel 1[0m checking '/home/roman/ros2_ws/src/service_full_name/install/service_full_name/lib/python3.12/site-packages'
[1.160s] [34mcolcon.colcon_core.shell[0m [1;30mLevel 1[0m create_environment_hook('service_full_name', 'pythonpath')
[1.160s] [34mcolcon.colcon_core.shell[0m [1;30mINFO[0m Creating environment hook '/home/roman/ros2_ws/src/service_full_name/install/service_full_name/share/service_full_name/hook/pythonpath.ps1'
[1.160s] [34mcolcon.colcon_core.shell[0m [1;30mINFO[0m Creating environment descriptor '/home/roman/ros2_ws/src/service_full_name/install/service_full_name/share/service_full_name/hook/pythonpath.dsv'
[1.160s] [34mcolcon.colcon_core.shell[0m [1;30mINFO[0m Creating environment hook '/home/roman/ros2_ws/src/service_full_name/install/service_full_name/share/service_full_name/hook/pythonpath.sh'
[1.160s] [34mcolcon.colcon_core.environment[0m [1;30mLevel 1[0m checking '/home/roman/ros2_ws/src/service_full_name/install/service_full_name/bin'
[1.160s] [34mcolcon.colcon_core.environment[0m [1;30mLevel 1[0m create_environment_scripts_only(service_full_name)
[1.161s] [34mcolcon.colcon_core.shell[0m [1;30mINFO[0m Creating package script '/home/roman/ros2_ws/src/service_full_name/install/service_full_name/share/service_full_name/package.ps1'
[1.161s] [34mcolcon.colcon_core.shell[0m [1;30mINFO[0m Creating package descriptor '/home/roman/ros2_ws/src/service_full_name/install/service_full_name/share/service_full_name/package.dsv'
[1.161s] [34mcolcon.colcon_core.shell[0m [1;30mINFO[0m Creating package script '/home/roman/ros2_ws/src/service_full_name/install/service_full_name/share/service_full_name/package.sh'
[1.162s] [34mcolcon.colcon_core.shell[0m [1;30mINFO[0m Creating package script '/home/roman/ros2_ws/src/service_full_name/install/service_full_name/share/service_full_name/package.bash'
[1.162s] [34mcolcon.colcon_core.shell[0m [1;30mINFO[0m Creating package script '/home/roman/ros2_ws/src/service_full_name/install/service_full_name/share/service_full_name/package.zsh'
[1.162s] [34mcolcon.colcon_core.environment[0m [1;30mLevel 1[0m create_file_with_runtime_dependencies(/home/roman/ros2_ws/src/service_full_name/install/service_full_name/share/colcon-core/packages/service_full_name)
[1.162s] [34mcolcon.colcon_parallel_executor.executor.parallel[0m [1;30mDEBUG[0m [32mclosing loop[0m
[1.162s] [34mcolcon.colcon_parallel_executor.executor.parallel[0m [1;30mDEBUG[0m [32mloop closed[0m
[1.163s] [34mcolcon.colcon_parallel_executor.executor.parallel[0m [1;30mDEBUG[0m [32mrun_until_complete finished with '0'[0m
[1.163s] [34mcolcon.colcon_core.event_reactor[0m [1;30mDEBUG[0m [32mjoining thread[0m
[1.166s] [34mcolcon.colcon_core.plugin_system[0m [1;30mINFO[0m Skipping extension 'colcon_notification.desktop_notification.terminal_notifier': Not used on non-Darwin systems
[1.166s] [34mcolcon.colcon_core.plugin_system[0m [1;30mINFO[0m Skipping extension 'colcon_notification.desktop_notification.win32': Not used on non-Windows systems
[1.166s] [34mcolcon.colcon_notification.desktop_notification[0m [1;30mINFO[0m Sending desktop notification using 'notify2'
[1.174s] [34mcolcon.colcon_core.event_reactor[0m [1;30mDEBUG[0m [32mjoined thread[0m
[1.174s] [34mcolcon.colcon_core.shell[0m [1;30mINFO[0m Creating prefix script '/home/roman/ros2_ws/src/service_full_name/install/local_setup.ps1'
[1.174s] [34mcolcon.colcon_core.shell[0m [1;30mINFO[0m Creating prefix util module '/home/roman/ros2_ws/src/service_full_name/install/_local_setup_util_ps1.py'
[1.175s] [34mcolcon.colcon_core.shell[0m [1;30mINFO[0m Creating prefix chain script '/home/roman/ros2_ws/src/service_full_name/install/setup.ps1'
[1.175s] [34mcolcon.colcon_core.shell[0m [1;30mINFO[0m Creating prefix script '/home/roman/ros2_ws/src/service_full_name/install/local_setup.sh'
[1.176s] [34mcolcon.colcon_core.shell[0m [1;30mINFO[0m Creating prefix util module '/home/roman/ros2_ws/src/service_full_name/install/_local_setup_util_sh.py'
[1.176s] [34mcolcon.colcon_core.shell[0m [1;30mINFO[0m Creating prefix chain script '/home/roman/ros2_ws/src/service_full_name/install/setup.sh'
[1.177s] [34mcolcon.colcon_core.shell[0m [1;30mINFO[0m Creating prefix script '/home/roman/ros2_ws/src/service_full_name/install/local_setup.bash'
[1.177s] [34mcolcon.colcon_core.shell[0m [1;30mINFO[0m Creating prefix chain script '/home/roman/ros2_ws/src/service_full_name/install/setup.bash'
[1.178s] [34mcolcon.colcon_core.shell[0m [1;30mINFO[0m Creating prefix script '/home/roman/ros2_ws/src/service_full_name/install/local_setup.zsh'
[1.178s] [34mcolcon.colcon_core.shell[0m [1;30mINFO[0m Creating prefix chain script '/home/roman/ros2_ws/src/service_full_name/install/setup.zsh'
